\BOOKMARK [1][-]{section.1}{Bevezet\351s}{}% 1
\BOOKMARK [2][-]{subsection.1.1}{Fobb szint\351zis technol\363gi\341k}{section.1}% 2
\BOOKMARK [3][-]{subsubsection.1.1.1}{\326sszefuz\351ses szint\351zis}{subsection.1.1}% 3
\BOOKMARK [3][-]{subsubsection.1.1.2}{Artikul\341ci\363s szint\351zis}{subsection.1.1}% 4
\BOOKMARK [3][-]{subsubsection.1.1.3}{HMM-alap\372 szint\351zis}{subsection.1.1}% 5
\BOOKMARK [1][-]{section.2}{WaveNet tapasztalatok}{}% 6
\BOOKMARK [1][-]{section.3}{Egyszeru DNN model fel\351p\355t\351se}{}% 7
\BOOKMARK [2][-]{subsection.3.1}{H\341l\363 modellek}{section.3}% 8
\BOOKMARK [1][-]{section.4}{Bemeneti \351s kimeneti param\351terek}{}% 9
\BOOKMARK [2][-]{subsection.4.1}{Sz\366vegf\374ggo c\355mk\351k}{section.4}% 10
\BOOKMARK [2][-]{subsection.4.2}{Bemeneti param\351terek}{section.4}% 11
\BOOKMARK [2][-]{subsection.4.3}{Kimeneti param\351terek}{section.4}% 12
\BOOKMARK [2][-]{subsection.4.4}{Spektr\341lis \351s gerjeszt\351si param\351terek}{section.4}% 13
\BOOKMARK [3][-]{subsubsection.4.4.1}{Mel-Cepstrum}{subsection.4.4}% 14
\BOOKMARK [1][-]{section.5}{Megval\363s\355t\341s}{}% 15
\BOOKMARK [2][-]{subsection.5.1}{Haszn\341lt eroforr\341sok}{section.5}% 16
\BOOKMARK [2][-]{subsection.5.2}{Fejleszt\351s}{section.5}% 17
\BOOKMARK [2][-]{subsection.5.3}{Eredm\351nyek}{section.5}% 18
\BOOKMARK [3][-]{subsubsection.5.3.1}{Z\366ng\351ss\351g}{subsection.5.3}% 19
\BOOKMARK [3][-]{subsubsection.5.3.2}{Alapfrekvencia}{subsection.5.3}% 20
\BOOKMARK [3][-]{subsubsection.5.3.3}{MC param\351terek}{subsection.5.3}% 21
\BOOKMARK [3][-]{subsubsection.5.3.4}{Fon\351ma hossz}{subsection.5.3}% 22
\BOOKMARK [3][-]{subsubsection.5.3.5}{Teljes becslo}{subsection.5.3}% 23
\BOOKMARK [2][-]{subsection.5.4}{Eredm\351nyek egy p\351ld\341n bemutatva}{section.5}% 24
\BOOKMARK [3][-]{subsubsection.5.4.1}{Adatok beolvas\341sa}{subsection.5.4}% 25
\BOOKMARK [3][-]{subsubsection.5.4.2}{Z\366ng\351ss\351g becsl\351s}{subsection.5.4}% 26
\BOOKMARK [3][-]{subsubsection.5.4.3}{Pitch becsl\351s}{subsection.5.4}% 27
\BOOKMARK [3][-]{subsubsection.5.4.4}{MC becsl\351s}{subsection.5.4}% 28
\BOOKMARK [3][-]{subsubsection.5.4.5}{Hanggener\341l\341s tanult F0 \351s MC \351rt\351kekkel}{subsection.5.4}% 29
\BOOKMARK [1][-]{section.6}{Tov\341bbi lehetos\351gek}{}% 30
